

############################
Thu Sep  4 15:06:20 EDT 2008
/home/dchen/fsScripts
tksurfer.bin TN2/pre lh orig 
############################


############################
Thu Sep  4 15:06:56 EDT 2008
/home/dchen/fsScripts
tksurfer.bin TN2/pre lh smoothwm 
############################


############################
Thu Sep  4 15:07:39 EDT 2008
/home/dchen/fsScripts
tksurfer.bin TN2/pre lh inflated 
############################


############################
Thu Sep  4 15:15:39 EDT 2008
/home/dchen/fsScripts
tksurfer.bin TN2/pre lh inflated 
############################


############################
Thu Sep  4 15:20:45 EDT 2008
/home/dchen/fsScripts
tksurfer.bin TN2/pre rh inflated 
############################


############################
Thu Sep  4 15:23:29 EDT 2008
/home/dchen/fsScripts
tksurfer.bin TN2/pre rh inflated 
############################


############################
Wed Oct 22 10:47:38 EDT 2008
/home/dchen/fsScripts
tksurfer.bin prepare/MASept07 inflated lh 
############################


############################
Wed Oct 22 10:47:45 EDT 2008
/home/dchen/fsScripts
tksurfer.bin prepare/MASept07 lh inflated 
############################


############################
Wed Oct 22 10:48:18 EDT 2008
/home/dchen/fsScripts
tksurfer.bin prepare/MASept07 rh inflated 
############################
