#
# A fatal error has been detected by the Java Runtime Environment:
#
#  EXCEPTION_ACCESS_VIOLATION (0xc0000005) at pc=0x0000000050b38c00, pid=236440, tid=236068
#
# JRE version: 6.0_17-b04
# Java VM: Java HotSpot(TM) 64-Bit Server VM (14.3-b01 mixed mode windows-amd64 )
# Problematic frame:
# C  [MSVCP100.dll+0x8c00]
#
# If you would like to submit a bug report, please visit:
#   http://java.sun.com/webapps/bugreport/crash.jsp
# The crash happened outside the Java Virtual Machine in native code.
# See problematic frame for where to report the bug.
#

---------------  T H R E A D  ---------------

Current thread (0x0000000006454000):  JavaThread "main" [_thread_in_native, id=236068, stack(0x0000000000030000,0x0000000004030000)]

siginfo: ExceptionCode=0xc0000005, reading address 0xffffffffffffffff

Registers:
EAX=0x000007fedd4a4530, EBX=0x000000007e975e10, ECX=0x000000007e975e10, EDX=0x0000000000000001
ESP=0x0000000004026fa0, EBP=0x0000000006268810, ESI=0x0000000000000001, EDI=0x000000007e975e10
EIP=0x0000000050b38c00, EFLAGS=0x0000000000010202

Top of Stack: (sp=0x0000000004026fa0)
0x0000000004026fa0:   00000000062627b0 0000000000000000
0x0000000004026fb0:   0000000000000000 0000000077129caa
0x0000000004026fc0:   0000000000000000 0000000050b69784
0x0000000004026fd0:   0000000000000000 0000000050b7e660
0x0000000004026fe0:   0000000000000000 0000000077133c2a
0x0000000004026ff0:   0000000050b7e660 0000000050b7e688
0x0000000004027000:   0000000000000000 0000000054f3d10c
0x0000000004027010:   0000000000000000 000007fefeda8e47
0x0000000004027020:   0000000050b7e660 0000000050b76f27
0x0000000004027030:   0000000050b7e754 0000000054f3d10c
0x0000000004027040:   000007fefeda1b20 000007fefeda9a17
0x0000000004027050:   0000000077232670 0000000077237be0
0x0000000004027060:   000007fffffde000 0000000050b77175
0x0000000004027070:   0000000000000001 0000000000000000
0x0000000004027080:   0000000000000000 0000000050b30000
0x0000000004027090:   c000000500000001 0000000004026130 

Instructions: (pc=0x0000000050b38c00)
0x0000000050b38bf0:   48 85 ff 74 0d 48 8b 07 ba 01 00 00 00 48 8b cf
0x0000000050b38c00:   ff 10 48 8b 5c 24 38 48 83 c4 20 5f c3 cc cc cc 


Stack: [0x0000000000030000,0x0000000004030000],  sp=0x0000000004026fa0,  free space=65499k
Native frames: (J=compiled Java code, j=interpreted, Vv=VM code, C=native code)
C  [MSVCP100.dll+0x8c00]

Java frames: (J=compiled Java code, j=interpreted, Vv=VM code)
j  com.mathworks.jmi.NativeMatlab.SendMatlabMessage(Ljava/lang/Object;)Ljava/lang/Object;+0
j  com.mathworks.jmi.NativeMatlab.sendMatlabMessage(Ljava/lang/Object;)Ljava/lang/Object;+22
j  com.mathworks.jmi.MatlabLooper.sendMatlabMessage(Lcom/mathworks/services/message/MWMessage;)Ljava/lang/Object;+20
j  com.mathworks.jmi.Matlab.mtFevalConsoleOutput(Ljava/lang/String;[Ljava/lang/Object;I)Ljava/lang/Object;+58
j  com.mathworks.mde.desk.MLDesktop$8.run()V+14
j  com.mathworks.jmi.NativeMatlab.dispatchMTRequests(Z)V+57
v  ~StubRoutines::call_stub

---------------  P R O C E S S  ---------------

Java Threads: ( => current thread )
  0x00000000564cc800 JavaThread "Inactive RequestProcessor thread [Was:TimedSoftReference/org.openide.util.TimedSoftReference]" daemon [_thread_blocked, id=234712, stack(0x00000000e8000000,0x00000000ec000000)]
  0x0000000057493800 JavaThread "Active Reference Queue Daemon" daemon [_thread_blocked, id=236176, stack(0x0000000120000000,0x0000000124000000)]
  0x0000000057495000 JavaThread "Timer-2" daemon [_thread_blocked, id=236056, stack(0x000000010c000000,0x0000000110000000)]
  0x0000000057495800 JavaThread "Prefs Updater" daemon [_thread_blocked, id=235768, stack(0x00000000f8000000,0x00000000fc000000)]
  0x0000000057494000 JavaThread "Foxtrot Single Worker Thread #1" daemon [_thread_blocked, id=236484, stack(0x0000000130000000,0x0000000134000000)]
  0x00000000564d5000 JavaThread "Timer-1" daemon [_thread_blocked, id=236508, stack(0x00000000f4000000,0x00000000f8000000)]
  0x00000000564d4000 JavaThread "com.jniwrapper.NativeResourceCollector" daemon [_thread_blocked, id=236148, stack(0x00000000d8000000,0x00000000dc000000)]
  0x00000000564d8800 JavaThread "Swing-Shell" daemon [_thread_blocked, id=236116, stack(0x0000000108000000,0x000000010c000000)]
  0x00000000564d1800 JavaThread "ClipboardMonitor Timer" daemon [_thread_blocked, id=234896, stack(0x00000000dc000000,0x00000000e0000000)]
  0x00000000564d0000 JavaThread "Explorer NavigationContext request queue" daemon [_thread_blocked, id=235964, stack(0x00000000d4000000,0x00000000d8000000)]
  0x00000000564cf000 JavaThread "AddressBar directory emptiness poller" daemon [_thread_blocked, id=234328, stack(0x00000000d0000000,0x00000000d4000000)]
  0x00000000564ce800 JavaThread "Explorer Refresh Service 1263564281" daemon [_thread_blocked, id=233668, stack(0x00000000cc000000,0x00000000d0000000)]
  0x00000000564cd000 JavaThread "Thread-4" daemon [_thread_blocked, id=235000, stack(0x00000000c4000000,0x00000000c8000000)]
  0x00000000564cb800 JavaThread "TimerQueue" daemon [_thread_blocked, id=234708, stack(0x00000000b4000000,0x00000000b8000000)]
  0x00000000564cb000 JavaThread "Thread-3" daemon [_thread_blocked, id=230068, stack(0x00000000a4000000,0x00000000a8000000)]
  0x000000005601b800 JavaThread "AWT-EventQueue-0" [_thread_blocked, id=236244, stack(0x00000000a0000000,0x00000000a4000000)]
  0x0000000055e8c000 JavaThread "AWT-Shutdown" [_thread_blocked, id=235996, stack(0x0000000090000000,0x0000000094000000)]
  0x0000000055ed8800 JavaThread "com.google.common.base.internal.Finalizer" daemon [_thread_blocked, id=235080, stack(0x000000009c000000,0x00000000a0000000)]
  0x0000000055e8d000 JavaThread "AWT-Windows" daemon [_thread_in_native, id=236320, stack(0x0000000094000000,0x0000000098000000)]
  0x0000000055e8b800 JavaThread "Java2D Disposer" daemon [_thread_blocked, id=225744, stack(0x000000008c000000,0x0000000090000000)]
  0x0000000055a72000 JavaThread "Timer-0" [_thread_blocked, id=233480, stack(0x0000000088000000,0x000000008c000000)]
  0x0000000055a4f000 JavaThread "EventMgr Dispatcher" daemon [_thread_in_native, id=231944, stack(0x0000000084000000,0x0000000088000000)]
  0x000000000ee94000 JavaThread "Low Memory Detector" daemon [_thread_blocked, id=236372, stack(0x000000006d7a0000,0x00000000717a0000)]
  0x000000000ee8b800 JavaThread "CompilerThread1" daemon [_thread_blocked, id=236364, stack(0x00000000675b0000,0x000000006b5b0000)]
  0x000000000ee74800 JavaThread "CompilerThread0" daemon [_thread_blocked, id=236444, stack(0x00000000635b0000,0x00000000675b0000)]
  0x000000000ee71000 JavaThread "Attach Listener" daemon [_thread_blocked, id=235536, stack(0x000000005e170000,0x0000000062170000)]
  0x000000000ee13800 JavaThread "Finalizer" daemon [_thread_blocked, id=236352, stack(0x000000005a170000,0x000000005e170000)]
  0x000000000ee12800 JavaThread "Reference Handler" daemon [_thread_blocked, id=236356, stack(0x0000000050bd0000,0x0000000054bd0000)]
=>0x0000000006454000 JavaThread "main" [_thread_in_native, id=236068, stack(0x0000000000030000,0x0000000004030000)]

Other Threads:
  0x000000000650e800 VMThread [stack: 0x000000004c100000,0x0000000050100000] [id=234096]
  0x000000000eea7000 WatcherThread [stack: 0x0000000080000000,0x0000000084000000] [id=236060]

VM state:not at safepoint (normal execution)

VM Mutex/Monitor currently owned by a thread: None

Heap
 PSYoungGen      total 32704K, used 11143K [0x0000000039000000, 0x000000003b6e0000, 0x000000003c100000)
  eden space 26752K, 22% used [0x0000000039000000,0x00000000395ccae0,0x000000003aa20000)
  from space 5952K, 87% used [0x000000003b0d0000,0x000000003b5e51b0,0x000000003b6a0000)
  to   space 6528K, 0% used [0x000000003aa20000,0x000000003aa20000,0x000000003b080000)
 PSOldGen        total 93568K, used 71893K [0x000000002fd00000, 0x0000000035860000, 0x0000000039000000)
  object space 93568K, 76% used [0x000000002fd00000,0x0000000034335460,0x0000000035860000)
 PSPermGen       total 91328K, used 73387K [0x0000000027d00000, 0x000000002d630000, 0x000000002fd00000)
  object space 91328K, 80% used [0x0000000027d00000,0x000000002c4aaff0,0x000000002d630000)

Dynamic libraries:
0x0000000140000000 - 0x0000000140028000 	E:\MATLAB\R2013a\bin\win64\MATLAB.exe
0x0000000077100000 - 0x00000000772a9000 	C:\Windows\SYSTEM32\ntdll.dll
0x0000000076fe0000 - 0x00000000770ff000 	C:\Windows\system32\kernel32.dll
0x000007fefd280000 - 0x000007fefd2eb000 	C:\Windows\system32\KERNELBASE.dll
0x0000000074460000 - 0x0000000074515000 	E:\MATLAB\R2013a\bin\win64\libut.dll
0x00000000758a0000 - 0x000000007595f000 	E:\MATLAB\R2013a\bin\win64\libmwi18n.dll
0x0000000180000000 - 0x000000018000d000 	E:\MATLAB\R2013a\bin\win64\libmwresource_core.dll
0x0000000050b30000 - 0x0000000050bc8000 	E:\MATLAB\R2013a\bin\win64\MSVCP100.dll
0x0000000050a50000 - 0x0000000050b22000 	E:\MATLAB\R2013a\bin\win64\MSVCR100.dll
0x0000000074b20000 - 0x0000000074b2e000 	E:\MATLAB\R2013a\bin\win64\boost_date_time-vc100-mt-1_49.dll
0x0000000063580000 - 0x00000000635ac000 	E:\MATLAB\R2013a\bin\win64\boost_filesystem-vc100-mt-1_49.dll
0x0000000074920000 - 0x0000000074929000 	E:\MATLAB\R2013a\bin\win64\boost_system-vc100-mt-1_49.dll
0x000007fefda20000 - 0x000007fefdafb000 	C:\Windows\system32\ADVAPI32.dll
0x000007fefeda0000 - 0x000007fefee3f000 	C:\Windows\system32\msvcrt.dll
0x000007feff200000 - 0x000007feff21f000 	C:\Windows\SYSTEM32\sechost.dll
0x000007fefee40000 - 0x000007fefef6d000 	C:\Windows\system32\RPCRT4.dll
0x0000000050a20000 - 0x0000000050a45000 	E:\MATLAB\R2013a\bin\win64\LIBEXPAT.dll
0x00000000502c0000 - 0x000000005044a000 	E:\MATLAB\R2013a\bin\win64\icuin49.dll
0x0000000050180000 - 0x00000000502be000 	E:\MATLAB\R2013a\bin\win64\icuuc49.dll
0x000000000f3d0000 - 0x00000000104f2000 	E:\MATLAB\R2013a\bin\win64\icudt49.dll
0x00000000720a0000 - 0x00000000720b0000 	E:\MATLAB\R2013a\bin\win64\icuio49.dll
0x0000000073f70000 - 0x0000000074112000 	E:\MATLAB\R2013a\bin\win64\libmwfl.dll
0x000000007a350000 - 0x000000007a737000 	E:\MATLAB\R2013a\bin\win64\libmwMATLAB_res.dll
0x0000000050670000 - 0x000000005074f000 	E:\MATLAB\R2013a\bin\win64\boost_regex-vc100-mt-1_49.dll
0x0000000076ee0000 - 0x0000000076fda000 	C:\Windows\system32\USER32.dll
0x000007fefd800000 - 0x000007fefd867000 	C:\Windows\system32\GDI32.dll
0x000007fefd520000 - 0x000007fefd52e000 	C:\Windows\system32\LPK.dll
0x000007fefd8f0000 - 0x000007fefd9b9000 	C:\Windows\system32\USP10.dll
0x0000000063530000 - 0x0000000063541000 	E:\MATLAB\R2013a\bin\win64\boost_signals-vc100-mt-1_49.dll
0x000000005a150000 - 0x000000005a161000 	E:\MATLAB\R2013a\bin\win64\boost_thread-vc100-mt-1_49.dll
0x000007feedc50000 - 0x000007feedcdc000 	E:\MATLAB\R2013a\bin\win64\boost_log-vc100-mt-1_49.dll
0x00000000772c0000 - 0x00000000772c7000 	C:\Windows\system32\PSAPI.DLL
0x000007fefed50000 - 0x000007fefed9d000 	C:\Windows\system32\WS2_32.dll
0x000007fefdba0000 - 0x000007fefdba8000 	C:\Windows\system32\NSI.dll
0x000007fefa4b0000 - 0x000007fefa4e3000 	E:\MATLAB\R2013a\bin\win64\tbb.dll
0x000007fefdb80000 - 0x000007fefdb99000 	C:\Windows\system32\imagehlp.dll
0x000007fefb490000 - 0x000007fefb4bc000 	C:\Windows\system32\POWRPROF.dll
0x000007fefea10000 - 0x000007fefebe7000 	C:\Windows\system32\SETUPAPI.dll
0x000007fefcfd0000 - 0x000007fefd006000 	C:\Windows\system32\CFGMGR32.dll
0x000007feff330000 - 0x000007feff407000 	C:\Windows\system32\OLEAUT32.dll
0x000007fefd310000 - 0x000007fefd513000 	C:\Windows\system32\ole32.dll
0x000007fefd250000 - 0x000007fefd26a000 	C:\Windows\system32\DEVOBJ.dll
0x0000000004200000 - 0x0000000004221000 	E:\MATLAB\R2013a\bin\win64\libmwmfl_scalar.dll
0x000007fef9d70000 - 0x000007fef9e95000 	C:\Windows\system32\dbghelp.dll
0x0000000004230000 - 0x000000000455f000 	E:\MATLAB\R2013a\bin\win64\libmwservices.dll
0x0000000075a20000 - 0x0000000075b0b000 	E:\MATLAB\R2013a\bin\win64\libmx.dll
0x000007fefa790000 - 0x000007fefa7b8000 	E:\MATLAB\R2013a\bin\win64\tbbmalloc.dll
0x0000000057360000 - 0x0000000057377000 	E:\MATLAB\R2013a\bin\win64\zlib1.dll
0x0000000004560000 - 0x00000000045ae000 	E:\MATLAB\R2013a\bin\win64\libmwregexp.dll
0x0000000075f10000 - 0x0000000075f57000 	E:\MATLAB\R2013a\bin\win64\mpath.dll
0x000000007b680000 - 0x000000007bc66000 	E:\MATLAB\R2013a\bin\win64\mlutil.dll
0x00000000754d0000 - 0x0000000075547000 	E:\MATLAB\R2013a\bin\win64\xmlcore.dll
0x0000000077db0000 - 0x0000000077ff1000 	E:\MATLAB\R2013a\bin\win64\xerces-c_2_7.dll
0x00000000045c0000 - 0x00000000045e2000 	E:\MATLAB\R2013a\bin\win64\libmwMATLAB_settings_res.dll
0x000007fefa8b0000 - 0x000007fefa8c0000 	E:\MATLAB\R2013a\bin\win64\boost_iostreams-vc100-mt-1_49.dll
0x000007fef31e0000 - 0x000007fef3226000 	E:\MATLAB\R2013a\bin\win64\boost_serialization-vc100-mt-1_49.dll
0x000007fefdbb0000 - 0x000007fefe938000 	C:\Windows\system32\SHELL32.dll
0x000007fefd870000 - 0x000007fefd8e1000 	C:\Windows\system32\SHLWAPI.dll
0x00000000045f0000 - 0x00000000045f6000 	E:\MATLAB\R2013a\bin\win64\libmwnativedisplay.dll
0x000007fef09b0000 - 0x000007fef0a50000 	C:\Windows\WinSxS\amd64_microsoft.windows.common-controls_6595b64144ccf1df_5.82.7601.18201_none_a4d3b9377117c3df\COMCTL32.dll
0x000007fefd530000 - 0x000007fefd5c7000 	C:\Windows\system32\COMDLG32.dll
0x000007fef9530000 - 0x000007fef9546000 	C:\Windows\system32\NETAPI32.dll
0x000007fef94e0000 - 0x000007fef94ec000 	C:\Windows\system32\netutils.dll
0x000007fefca30000 - 0x000007fefca53000 	C:\Windows\system32\srvcli.dll
0x000007fef94a0000 - 0x000007fef94b5000 	C:\Windows\system32\wkscli.dll
0x0000000074970000 - 0x0000000074a18000 	E:\MATLAB\R2013a\bin\win64\mcr.dll
0x0000000075000000 - 0x00000000753b1000 	E:\MATLAB\R2013a\bin\win64\iqm.dll
0x0000000074e80000 - 0x0000000074f30000 	E:\MATLAB\R2013a\bin\win64\m_dispatcher.dll
0x0000000004600000 - 0x0000000004e08000 	E:\MATLAB\R2013a\bin\win64\m_interpreter.dll
0x0000000004e10000 - 0x0000000004e34000 	E:\MATLAB\R2013a\bin\win64\libmex.dll
0x0000000075430000 - 0x00000000754ab000 	E:\MATLAB\R2013a\bin\win64\profiler.dll
0x0000000004e40000 - 0x00000000050c3000 	E:\MATLAB\R2013a\bin\win64\libmwmathutil.dll
0x0000000079f40000 - 0x0000000079f66000 	E:\MATLAB\R2013a\bin\win64\libmwmathrng.dll
0x00000000050d0000 - 0x00000000050e0000 	E:\MATLAB\R2013a\bin\win64\libmwmfl_rng.dll
0x0000000074c10000 - 0x0000000074cf8000 	E:\MATLAB\R2013a\bin\win64\libmwmathcore.dll
0x0000000076160000 - 0x00000000761c3000 	E:\MATLAB\R2013a\bin\win64\libmwspmatrix.dll
0x000000007b0a0000 - 0x000000007b2f6000 	E:\MATLAB\R2013a\bin\win64\mcos.dll
0x0000000075ea0000 - 0x0000000075f02000 	E:\MATLAB\R2013a\bin\win64\libmwcholmod.dll
0x00000000050f0000 - 0x00000000050fd000 	E:\MATLAB\R2013a\bin\win64\libmwamd.dll
0x0000000073ab0000 - 0x0000000073b53000 	C:\Windows\WinSxS\amd64_microsoft.vc90.crt_1fc8b3b9a1e18e3b_9.0.30729.6161_none_08e61857a83bc251\MSVCR90.dll
0x0000000005110000 - 0x000000000511c000 	E:\MATLAB\R2013a\bin\win64\libmwcolamd.dll
0x000000007a290000 - 0x000000007a2a3000 	E:\MATLAB\R2013a\bin\win64\libmwblas.dll
0x000000007a310000 - 0x000000007a325000 	E:\MATLAB\R2013a\bin\win64\libmwbinder.dll
0x0000000005130000 - 0x000000000513b000 	E:\MATLAB\R2013a\bin\win64\libmwompwrapper.dll
0x0000000075820000 - 0x000000007589e000 	E:\MATLAB\R2013a\bin\win64\libmwlapack.dll
0x000000007a1b0000 - 0x000000007a1d0000 	E:\MATLAB\R2013a\bin\win64\m_pcodeio.dll
0x0000000079b10000 - 0x0000000079b6c000 	E:\MATLAB\R2013a\bin\win64\m_ir.dll
0x0000000078ed0000 - 0x0000000079579000 	E:\MATLAB\R2013a\bin\win64\m_parser.dll
0x000000007a2f0000 - 0x000000007a307000 	E:\MATLAB\R2013a\bin\win64\ir_xfmr.dll
0x0000000005140000 - 0x0000000005150000 	E:\MATLAB\R2013a\bin\win64\mtok.dll
0x000000007a130000 - 0x000000007a158000 	E:\MATLAB\R2013a\bin\win64\m_pcodegen.dll
0x0000000079fb0000 - 0x0000000079fdf000 	E:\MATLAB\R2013a\bin\win64\libmwbridge.dll
0x0000000074f40000 - 0x0000000074ff6000 	E:\MATLAB\R2013a\bin\win64\udd.dll
0x0000000073cc0000 - 0x0000000073e0e000 	E:\MATLAB\R2013a\bin\win64\libmwgui.dll
0x000000007a1d0000 - 0x000000007a1f4000 	E:\MATLAB\R2013a\bin\win64\graphics_util.dll
0x000007feedb90000 - 0x000007feedc48000 	E:\MATLAB\R2013a\bin\win64\libtex_base.dll
0x0000000005150000 - 0x0000000005a93000 	E:\MATLAB\R2013a\bin\win64\hg.dll
0x0000000076100000 - 0x000000007615a000 	E:\MATLAB\R2013a\bin\win64\libmat.dll
0x0000000072d30000 - 0x0000000072f38000 	E:\MATLAB\R2013a\bin\win64\hdf5dll.dll
0x0000000075710000 - 0x00000000757d8000 	E:\MATLAB\R2013a\bin\win64\jmi.dll
0x0000000005ab0000 - 0x0000000005abe000 	E:\MATLAB\R2013a\bin\win64\nativejava_services.dll
0x0000000005ac0000 - 0x0000000005b00000 	E:\MATLAB\R2013a\bin\win64\libmwhardcopy.dll
0x0000000075c70000 - 0x0000000075cce000 	E:\MATLAB\R2013a\bin\win64\libuij.dll
0x0000000072f50000 - 0x000000007318f000 	E:\MATLAB\R2013a\bin\win64\hgdatatypes.dll
0x0000000005b00000 - 0x0000000005beb000 	E:\MATLAB\R2013a\bin\win64\hgutils.dll
0x0000000005bf0000 - 0x0000000005c9e000 	E:\MATLAB\R2013a\bin\win64\udd_mi.dll
0x0000000005ca0000 - 0x0000000005cd6000 	E:\MATLAB\R2013a\bin\win64\libmwgbtutils.dll
0x0000000005ce0000 - 0x0000000005cf4000 	E:\MATLAB\R2013a\bin\win64\libmwgbt.dll
0x0000000005d00000 - 0x0000000005fce000 	E:\MATLAB\R2013a\bin\win64\uiw.dll
0x0000000005fd0000 - 0x0000000005fd9000 	E:\MATLAB\R2013a\bin\win64\uinone.dll
0x0000000005fe0000 - 0x0000000006006000 	E:\MATLAB\R2013a\bin\win64\libmwnativefiledialogs.dll
0x0000000006010000 - 0x000000000601c000 	E:\MATLAB\R2013a\bin\win64\libmwplatform_res.dll
0x000007fef94c0000 - 0x000007fef94d8000 	C:\Windows\system32\MPR.dll
0x0000000077850000 - 0x0000000077dad000 	E:\MATLAB\R2013a\bin\win64\mfc100.dll
0x000007fef8200000 - 0x000007fef8207000 	C:\Windows\system32\MSIMG32.dll
0x000007fef4ad0000 - 0x000007fef4b41000 	C:\Windows\system32\WINSPOOL.DRV
0x0000000006020000 - 0x000000000603d000 	E:\MATLAB\R2013a\bin\win64\mwoles05.DLL
0x0000000006040000 - 0x00000000060ac000 	E:\MATLAB\R2013a\bin\win64\comcli.dll
0x00000000509f0000 - 0x0000000050a1b000 	E:\MATLAB\R2013a\bin\win64\ATL100.DLL
0x00000000060b0000 - 0x00000000060bc000 	E:\MATLAB\R2013a\bin\win64\mlautoregister.dll
0x00000000060c0000 - 0x0000000006216000 	E:\MATLAB\R2013a\bin\win64\mvm.dll
0x000007fefe9e0000 - 0x000007fefea0e000 	C:\Windows\system32\IMM32.DLL
0x000007feff220000 - 0x000007feff329000 	C:\Windows\system32\MSCTF.dll
0x000007fefb280000 - 0x000007fefb2d6000 	C:\Windows\system32\UxTheme.dll
0x000007fefb160000 - 0x000007fefb178000 	C:\Windows\system32\dwmapi.dll
0x0000000072010000 - 0x000000007201d000 	E:\MATLAB\R2013a\bin\win64\MFC100ENU.DLL
0x0000000006370000 - 0x00000000063be000 	E:\MATLAB\R2013a\bin\win64\MVMLocal.dll
0x0000000078870000 - 0x0000000078ecd000 	E:\MATLAB\R2013a\sys\java\jre\win64\jre\bin\server\jvm.dll

VM Arguments:
jvm_args: -XX:PermSize=32m -Xms64m -XX:NewRatio=3 -XX:MaxPermSize=128m -Xmx196m -XX:MaxDirectMemorySize=2147400000 -Dsun.java2d.noddraw=true -Dsun.awt.nopixfmt=true -Xshare:off -Xrs -Dsun.awt.disableMixing=true -Djava.library.path=E:\MATLAB\R2013a\bin\win64;E:\MATLAB\R2013a\sys\jxbrowser\win64\lib vfprintf abort 
java_command: <unknown>
Launcher Type: generic

Environment Variables:
JAVA_HOME=C:\Program Files\Java\jdk1.7.0_09\bin
PATH=C:\Program Files (x86)\NVIDIA Corporation\PhysX\Common;C:\Windows\system32;C:\Windows;C:\Windows\System32\Wbem;C:\Windows\System32\WindowsPowerShell\v1.0\;C:\Program Files\Java\jdk1.7.0_09\jre\bin;C:\Program Files\TortoiseHg\;C:\Program Files (x86)\Git\cmd;D:\Android\android-sdk\platform-tools;D:\Android\android-sdk\tools;D:\WinPython-64bit-2.7.5.0\python-2.7.5.amd64;D:\WinPython-64bit-2.7.5.0\python-2.7.5.amd64\Scripts;C:\Program Files\Common Files\Autodesk Shared\;E:\MATLAB\R2013a\runtime\win64;E:\MATLAB\R2013a\bin;C:\Program Files (x86)\Autodesk\Backburner\
USERNAME=sinkpoint
OS=Windows_NT
PROCESSOR_IDENTIFIER=Intel64 Family 6 Model 42 Stepping 7, GenuineIntel



---------------  S Y S T E M  ---------------

OS: Windows 7 Build 7601 Service Pack 1

CPU:total 4 (8 cores per cpu, 2 threads per core) family 6 model 42 stepping 7, cmov, cx8, fxsr, mmx, sse, sse2, sse3, ssse3, sse4.1, sse4.2, ht

Memory: 4k page, physical 8364988k(2033584k free), swap 16728112k(9028840k free)

vm_info: Java HotSpot(TM) 64-Bit Server VM (14.3-b01) for windows-amd64 JRE (1.6.0_17-b04), built on Oct 11 2009 00:46:08 by "java_re" with MS VC++ 8.0

time: Fri Nov 08 11:57:32 2013
elapsed time: 150 seconds

